<?xml version="1.0" encoding="UTF-8"?>
<testng-results skipped="0" failed="0" total="1" passed="1">
  <reporter-output>
  </reporter-output>
  <suite name="Default suite" duration-ms="88478" started-at="2020-08-22T14:29:49Z" finished-at="2020-08-22T14:31:18Z">
    <groups>
    </groups>
    <test name="Default test" duration-ms="88478" started-at="2020-08-22T14:29:49Z" finished-at="2020-08-22T14:31:18Z">
      <class name="testsuite.TestSuite">
        <test-method status="PASS" signature="initialize()[pri:0, instance:testsuite.TestSuite@38bc8ab5]" name="initialize" is-config="true" duration-ms="9813" started-at="2020-08-22T19:59:49Z" finished-at="2020-08-22T19:59:59Z">
          <reporter-output>
          </reporter-output>
        </test-method> <!-- initialize -->
        <test-method status="PASS" signature="login()[pri:0, instance:testsuite.TestSuite@38bc8ab5]" name="login" duration-ms="78422" started-at="2020-08-22T19:59:59Z" finished-at="2020-08-22T20:01:17Z">
          <reporter-output>
          </reporter-output>
        </test-method> <!-- login -->
        <test-method status="PASS" signature="afterSuite()[pri:0, instance:testsuite.TestSuite@38bc8ab5]" name="afterSuite" is-config="true" duration-ms="215" started-at="2020-08-22T20:01:17Z" finished-at="2020-08-22T20:01:18Z">
          <reporter-output>
          </reporter-output>
        </test-method> <!-- afterSuite -->
      </class> <!-- testsuite.TestSuite -->
    </test> <!-- Default test -->
  </suite> <!-- Default suite -->
</testng-results>
