<?xml version="1.0" encoding="UTF-8"?>
<testng-results skipped="0" failed="0" total="1" passed="1">
  <reporter-output>
  </reporter-output>
  <suite name="Default suite" duration-ms="94294" started-at="2020-08-23T16:28:32Z" finished-at="2020-08-23T16:30:06Z">
    <groups>
    </groups>
    <test name="Default test" duration-ms="94294" started-at="2020-08-23T16:28:32Z" finished-at="2020-08-23T16:30:06Z">
      <class name="testsuite.TestSuite">
        <test-method status="PASS" signature="initialize()[pri:0, instance:testsuite.TestSuite@38bc8ab5]" name="initialize" is-config="true" duration-ms="20140" started-at="2020-08-23T21:58:32Z" finished-at="2020-08-23T21:58:52Z">
          <reporter-output>
          </reporter-output>
        </test-method> <!-- initialize -->
        <test-method status="PASS" signature="login()[pri:0, instance:testsuite.TestSuite@38bc8ab5]" name="login" duration-ms="73984" started-at="2020-08-23T21:58:52Z" finished-at="2020-08-23T22:00:06Z">
          <reporter-output>
          </reporter-output>
        </test-method> <!-- login -->
        <test-method status="PASS" signature="afterSuite()[pri:0, instance:testsuite.TestSuite@38bc8ab5]" name="afterSuite" is-config="true" duration-ms="152" started-at="2020-08-23T22:00:06Z" finished-at="2020-08-23T22:00:06Z">
          <reporter-output>
          </reporter-output>
        </test-method> <!-- afterSuite -->
      </class> <!-- testsuite.TestSuite -->
    </test> <!-- Default test -->
  </suite> <!-- Default suite -->
</testng-results>
